<?xml version="1.0" encoding="UTF-8"?>
<testng-results ignored="0" total="1" passed="1" failed="0" skipped="0">
  <reporter-output>
  </reporter-output>
  <suite started-at="2021-11-10T16:52:16 IST" name="Default suite" finished-at="2021-11-10T16:52:31 IST" duration-ms="14911">
    <groups>
    </groups>
    <test started-at="2021-11-10T16:52:16 IST" name="Default test" finished-at="2021-11-10T16:52:31 IST" duration-ms="14911">
      <class name="chrome.ExtentReportsSample">
        <test-method signature="openTest()[pri:0, instance:chrome.ExtentReportsSample@7c4fc2bf]" started-at="2021-11-10T16:52:16 IST" name="openTest" finished-at="2021-11-10T16:52:29 IST" duration-ms="13467" status="PASS">
          <reporter-output>
          </reporter-output>
        </test-method> <!-- openTest -->
        <test-method is-config="true" signature="closeTest()[pri:0, instance:chrome.ExtentReportsSample@7c4fc2bf]" started-at="2021-11-10T16:52:29 IST" name="closeTest" finished-at="2021-11-10T16:52:31 IST" duration-ms="1039" status="PASS">
          <reporter-output>
          </reporter-output>
        </test-method> <!-- closeTest -->
      </class> <!-- chrome.ExtentReportsSample -->
    </test> <!-- Default test -->
  </suite> <!-- Default suite -->
</testng-results>
